<?xml version="1.0" encoding="UTF-8"?>
<testsuite name="ru.stqa.aas.addressbook.tests.GroupCreationTests" tests="4" skipped="0" failures="0" errors="0" timestamp="2018-08-19T17:38:16" hostname="User-PC" time="15.778">
  <properties/>
  <testcase name="testBadGroupCreation" classname="ru.stqa.aas.addressbook.tests.GroupCreationTests" time="5.14"/>
  <testcase name="testGroupCreation[0](GroupData{id='2147483647', name='test 0'})" classname="ru.stqa.aas.addressbook.tests.GroupCreationTests" time="3.41"/>
  <testcase name="testGroupCreation[1](GroupData{id='2147483647', name='test 1'})" classname="ru.stqa.aas.addressbook.tests.GroupCreationTests" time="3.692"/>
  <testcase name="testGroupCreation[2](GroupData{id='2147483647', name='test 2'})" classname="ru.stqa.aas.addressbook.tests.GroupCreationTests" time="3.433"/>
  <system-out><![CDATA[]]></system-out>
  <system-err><![CDATA[]]></system-err>
</testsuite>
