<?xml version="1.0" encoding="UTF-8"?>
<testsuite name="ru.stqa.aas.addressbook.tests.GroupDeletionTests" tests="1" skipped="0" failures="0" errors="0" timestamp="2018-08-19T17:38:35" hostname="User-PC" time="2.332">
  <properties/>
  <testcase name="testGroupDeletion" classname="ru.stqa.aas.addressbook.tests.GroupDeletionTests" time="2.332"/>
  <system-out><![CDATA[]]></system-out>
  <system-err><![CDATA[]]></system-err>
</testsuite>
