<?xml version="1.0" encoding="UTF-8"?>
<testsuite name="ru.stqa.aas.addressbook.tests.GroupModificationTests" tests="1" skipped="0" failures="0" errors="0" timestamp="2018-08-19T17:38:32" hostname="User-PC" time="3.218">
  <properties/>
  <testcase name="testGroupModification" classname="ru.stqa.aas.addressbook.tests.GroupModificationTests" time="3.218"/>
  <system-out><![CDATA[]]></system-out>
  <system-err><![CDATA[]]></system-err>
</testsuite>
